<?xml version="1.0" encoding="UTF-8"?>
<robot generator="Robot 3.1.2 (Python 3.8.2 on win32)" generated="20200623 13:51:36.633" rpa="false">
<suite id="s1" name="RobotFrameWorkPoc" source="C:\Users\mohammad.shaikh\git\RobotFrameWork-RedEditorEclipse\RobotFrameWorkPoc">
<suite id="s1-s1" name="Tests" source="C:\Users\mohammad.shaikh\git\RobotFrameWork-RedEditorEclipse\RobotFrameWorkPoc\Tests">
<suite id="s1-s1-s1" name="TestSuite1" source="C:\Users\mohammad.shaikh\git\RobotFrameWork-RedEditorEclipse\RobotFrameWorkPoc\Tests\TestSuite1.robot">
<test id="s1-s1-s1-t1" name="RiyaSen">
<kw name="Open Browser" library="SeleniumLibrary">
<doc>Opens a new browser instance to the given ``url``.</doc>
<arguments>
<arg>${url}</arg>
<arg>${browser}</arg>
</arguments>
<msg timestamp="20200623 13:51:37.036" level="INFO">Opening browser 'chrome' to base url 'https://www.google.com/'.</msg>
<status status="PASS" starttime="20200623 13:51:37.034" endtime="20200623 13:51:41.689"></status>
</kw>
<kw name="Set Browser Implicit Wait" library="SeleniumLibrary">
<doc>Sets the implicit wait value used by Selenium.</doc>
<arguments>
<arg>5</arg>
</arguments>
<status status="PASS" starttime="20200623 13:51:41.691" endtime="20200623 13:51:41.693"></status>
</kw>
<kw name="Maximize Browser Window" library="SeleniumLibrary">
<doc>Maximizes current browser window.</doc>
<status status="PASS" starttime="20200623 13:51:41.693" endtime="20200623 13:51:42.859"></status>
</kw>
<kw name="Sleep" library="BuiltIn">
<doc>Pauses the test executed for the given time.</doc>
<arguments>
<arg>4s</arg>
</arguments>
<msg timestamp="20200623 13:51:46.862" level="INFO">Slept 4 seconds</msg>
<status status="PASS" starttime="20200623 13:51:42.860" endtime="20200623 13:51:46.863"></status>
</kw>
<kw name="Input Text" library="SeleniumLibrary">
<doc>Types the given ``text`` into the text field identified by ``locator``.</doc>
<arguments>
<arg>xpath://input[@name='q']</arg>
<arg>riyasen</arg>
</arguments>
<msg timestamp="20200623 13:51:46.864" level="INFO">Typing text 'riyasen' into text field 'xpath://input[@name='q']'.</msg>
<status status="PASS" starttime="20200623 13:51:46.863" endtime="20200623 13:51:47.005"></status>
</kw>
<kw name="Sleep" library="BuiltIn">
<doc>Pauses the test executed for the given time.</doc>
<arguments>
<arg>1s</arg>
</arguments>
<msg timestamp="20200623 13:51:48.007" level="INFO">Slept 1 second</msg>
<status status="PASS" starttime="20200623 13:51:47.005" endtime="20200623 13:51:48.008"></status>
</kw>
<kw name="Click Element" library="SeleniumLibrary">
<doc>Click the element identified by ``locator``.</doc>
<arguments>
<arg>//div[@id='searchform']</arg>
</arguments>
<msg timestamp="20200623 13:51:48.009" level="INFO">Clicking element '//div[@id='searchform']'.</msg>
<status status="PASS" starttime="20200623 13:51:48.009" endtime="20200623 13:51:51.733"></status>
</kw>
<kw name="Sleep" library="BuiltIn">
<doc>Pauses the test executed for the given time.</doc>
<arguments>
<arg>1s</arg>
</arguments>
<msg timestamp="20200623 13:51:52.736" level="INFO">Slept 1 second</msg>
<status status="PASS" starttime="20200623 13:51:51.734" endtime="20200623 13:51:52.736"></status>
</kw>
<kw name="Click Element" library="SeleniumLibrary">
<doc>Click the element identified by ``locator``.</doc>
<arguments>
<arg>//a[contains(text(),'Images')]</arg>
</arguments>
<msg timestamp="20200623 13:51:52.737" level="INFO">Clicking element '//a[contains(text(),'Images')]'.</msg>
<status status="PASS" starttime="20200623 13:51:52.737" endtime="20200623 13:51:55.312"></status>
</kw>
<kw name="Sleep" library="BuiltIn">
<doc>Pauses the test executed for the given time.</doc>
<arguments>
<arg>3s</arg>
</arguments>
<msg timestamp="20200623 13:51:58.315" level="INFO">Slept 3 seconds</msg>
<status status="PASS" starttime="20200623 13:51:55.313" endtime="20200623 13:51:58.315"></status>
</kw>
<kw name="Close Browser" library="SeleniumLibrary">
<doc>Closes the current browser.</doc>
<status status="PASS" starttime="20200623 13:51:58.315" endtime="20200623 13:52:00.471"></status>
</kw>
<status status="PASS" starttime="20200623 13:51:37.033" endtime="20200623 13:52:00.472" critical="yes"></status>
</test>
<status status="PASS" starttime="20200623 13:51:36.706" endtime="20200623 13:52:00.473"></status>
</suite>
<status status="PASS" starttime="20200623 13:51:36.701" endtime="20200623 13:52:00.476"></status>
</suite>
<status status="PASS" starttime="20200623 13:51:36.674" endtime="20200623 13:52:00.479"></status>
</suite>
<statistics>
<total>
<stat pass="1" fail="0">Critical Tests</stat>
<stat pass="1" fail="0">All Tests</stat>
</total>
<tag>
</tag>
<suite>
<stat pass="1" fail="0" id="s1" name="RobotFrameWorkPoc">RobotFrameWorkPoc</stat>
<stat pass="1" fail="0" id="s1-s1" name="Tests">RobotFrameWorkPoc.Tests</stat>
<stat pass="1" fail="0" id="s1-s1-s1" name="TestSuite1">RobotFrameWorkPoc.Tests.TestSuite1</stat>
</suite>
</statistics>
<errors>
</errors>
</robot>
